[2024-04-13 13:17:18] local.ERROR: filemtime(): stat failed for /var/www/html/.env {"exception":"[object] (ErrorException(code: 0): filemtime(): stat failed for /var/www/html/.env at /var/www/html/vendor/laravel/framework/src/Illuminate/Foundation/Console/ServeCommand.php:109)
[stacktrace]
#0 /var/www/html/vendor/laravel/framework/src/Illuminate/Foundation/Bootstrap/HandleExceptions.php(256): Illuminate\\Foundation\\Bootstrap\\HandleExceptions->handleError()
#1 [internal function]: Illuminate\\Foundation\\Bootstrap\\HandleExceptions->Illuminate\\Foundation\\Bootstrap\\{closure}()
#2 /var/www/html/vendor/laravel/framework/src/Illuminate/Foundation/Console/ServeCommand.php(109): filemtime()
#3 /var/www/html/vendor/laravel/framework/src/Illuminate/Container/BoundMethod.php(36): Illuminate\\Foundation\\Console\\ServeCommand->handle()
#4 /var/www/html/vendor/laravel/framework/src/Illuminate/Container/Util.php(41): Illuminate\\Container\\BoundMethod::Illuminate\\Container\\{closure}()
#5 /var/www/html/vendor/laravel/framework/src/Illuminate/Container/BoundMethod.php(93): Illuminate\\Container\\Util::unwrapIfClosure()
#6 /var/www/html/vendor/laravel/framework/src/Illuminate/Container/BoundMethod.php(35): Illuminate\\Container\\BoundMethod::callBoundMethod()
#7 /var/www/html/vendor/laravel/framework/src/Illuminate/Container/Container.php(662): Illuminate\\Container\\BoundMethod::call()
#8 /var/www/html/vendor/laravel/framework/src/Illuminate/Console/Command.php(212): Illuminate\\Container\\Container->call()
#9 /var/www/html/vendor/symfony/console/Command/Command.php(279): Illuminate\\Console\\Command->execute()
#10 /var/www/html/vendor/laravel/framework/src/Illuminate/Console/Command.php(181): Symfony\\Component\\Console\\Command\\Command->run()
#11 /var/www/html/vendor/symfony/console/Application.php(1049): Illuminate\\Console\\Command->run()
#12 /var/www/html/vendor/symfony/console/Application.php(318): Symfony\\Component\\Console\\Application->doRunCommand()
#13 /var/www/html/vendor/symfony/console/Application.php(169): Symfony\\Component\\Console\\Application->doRun()
#14 /var/www/html/vendor/laravel/framework/src/Illuminate/Foundation/Console/Kernel.php(196): Symfony\\Component\\Console\\Application->run()
#15 /var/www/html/vendor/laravel/framework/src/Illuminate/Foundation/Application.php(1183): Illuminate\\Foundation\\Console\\Kernel->handle()
#16 /var/www/html/artisan(13): Illuminate\\Foundation\\Application->handleCommand()
#17 {main}
"} 
